[0m19:31:38.150174 [debug] [MainThread]: Sending event: {'category': 'dbt', 'action': 'invocation', 'label': 'start', 'context': [<snowplow_tracker.self_describing_json.SelfDescribingJson object at 0x70a4862b66e0>, <snowplow_tracker.self_describing_json.SelfDescribingJson object at 0x70a486b19750>, <snowplow_tracker.self_describing_json.SelfDescribingJson object at 0x70a486b19ed0>]}


============================== 19:31:38.153629 | 6200ebf2-4650-4312-a567-a75d08e60b33 ==============================
[0m19:31:38.153629 [info ] [MainThread]: Running with dbt=1.7.9
[0m19:31:38.154399 [debug] [MainThread]: running dbt with arguments {'printer_width': '80', 'indirect_selection': 'eager', 'write_json': 'True', 'log_cache_events': 'False', 'partial_parse': 'True', 'cache_selected_only': 'False', 'profiles_dir': '/home/ubuntu/.dbt', 'fail_fast': 'False', 'version_check': 'True', 'log_path': 'logs', 'debug': 'False', 'warn_error': 'None', 'use_colors': 'True', 'use_experimental_parser': 'False', 'no_print': 'None', 'quiet': 'False', 'warn_error_options': 'WarnErrorOptions(include=[], exclude=[])', 'introspect': 'True', 'static_parser': 'True', 'invocation_command': 'dbt debug', 'target_path': 'None', 'log_format': 'default', 'send_anonymous_usage_stats': 'True'}
[0m19:31:38.155160 [info ] [MainThread]: dbt version: 1.7.9
[0m19:31:38.155830 [info ] [MainThread]: python version: 3.10.12
[0m19:31:38.156387 [info ] [MainThread]: python path: /home/ubuntu/dbt/dbtenv/bin/python
[0m19:31:38.156973 [info ] [MainThread]: os info: Linux-6.5.0-1016-aws-x86_64-with-glibc2.35
[0m19:31:38.277066 [info ] [MainThread]: Using profiles dir at /home/ubuntu/.dbt
[0m19:31:38.277751 [info ] [MainThread]: Using profiles.yml file at /home/ubuntu/.dbt/profiles.yml
[0m19:31:38.278320 [info ] [MainThread]: Using dbt_project.yml file at /home/ubuntu/dbt_project.yml
[0m19:31:38.279048 [info ] [MainThread]: adapter type: postgres
[0m19:31:38.279617 [info ] [MainThread]: adapter version: 1.7.9
[0m19:31:38.280181 [info ] [MainThread]: Configuration:
[0m19:31:38.280778 [info ] [MainThread]:   profiles.yml file [[32mOK found and valid[0m]
[0m19:31:38.281324 [info ] [MainThread]:   dbt_project.yml file [[31mERROR not found[0m]
[0m19:31:38.281867 [info ] [MainThread]: Required dependencies:
[0m19:31:38.282449 [debug] [MainThread]: Executing "git --help"
[0m19:31:38.285320 [debug] [MainThread]: STDOUT: "b"usage: git [--version] [--help] [-C <path>] [-c <name>=<value>]\n           [--exec-path[=<path>]] [--html-path] [--man-path] [--info-path]\n           [-p | --paginate | -P | --no-pager] [--no-replace-objects] [--bare]\n           [--git-dir=<path>] [--work-tree=<path>] [--namespace=<name>]\n           [--super-prefix=<path>] [--config-env=<name>=<envvar>]\n           <command> [<args>]\n\nThese are common Git commands used in various situations:\n\nstart a working area (see also: git help tutorial)\n   clone     Clone a repository into a new directory\n   init      Create an empty Git repository or reinitialize an existing one\n\nwork on the current change (see also: git help everyday)\n   add       Add file contents to the index\n   mv        Move or rename a file, a directory, or a symlink\n   restore   Restore working tree files\n   rm        Remove files from the working tree and from the index\n\nexamine the history and state (see also: git help revisions)\n   bisect    Use binary search to find the commit that introduced a bug\n   diff      Show changes between commits, commit and working tree, etc\n   grep      Print lines matching a pattern\n   log       Show commit logs\n   show      Show various types of objects\n   status    Show the working tree status\n\ngrow, mark and tweak your common history\n   branch    List, create, or delete branches\n   commit    Record changes to the repository\n   merge     Join two or more development histories together\n   rebase    Reapply commits on top of another base tip\n   reset     Reset current HEAD to the specified state\n   switch    Switch branches\n   tag       Create, list, delete or verify a tag object signed with GPG\n\ncollaborate (see also: git help workflows)\n   fetch     Download objects and refs from another repository\n   pull      Fetch from and integrate with another repository or a local branch\n   push      Update remote refs along with associated objects\n\n'git help -a' and 'git help -g' list available subcommands and some\nconcept guides. See 'git help <command>' or 'git help <concept>'\nto read about a specific subcommand or concept.\nSee 'git help git' for an overview of the system.\n""
[0m19:31:38.285982 [debug] [MainThread]: STDERR: "b''"
[0m19:31:38.286493 [info ] [MainThread]:  - git [[32mOK found[0m]

[0m19:31:38.287052 [info ] [MainThread]: Connection:
[0m19:31:38.287617 [info ] [MainThread]:   host: 13.59.217.187
[0m19:31:38.288177 [info ] [MainThread]:   port: 5432
[0m19:31:38.288757 [info ] [MainThread]:   user: shaheer_user
[0m19:31:38.289308 [info ] [MainThread]:   database: weclouddwh
[0m19:31:38.289862 [info ] [MainThread]:   schema: g_ads, lms_raw, mailchimp_raw
[0m19:31:38.290406 [info ] [MainThread]:   connect_timeout: 10
[0m19:31:38.290954 [info ] [MainThread]:   role: None
[0m19:31:38.291497 [info ] [MainThread]:   search_path: None
[0m19:31:38.292046 [info ] [MainThread]:   keepalives_idle: 0
[0m19:31:38.292647 [info ] [MainThread]:   sslmode: None
[0m19:31:38.293215 [info ] [MainThread]:   sslcert: None
[0m19:31:38.293763 [info ] [MainThread]:   sslkey: None
[0m19:31:38.294304 [info ] [MainThread]:   sslrootcert: None
[0m19:31:38.294850 [info ] [MainThread]:   application_name: dbt
[0m19:31:38.295390 [info ] [MainThread]:   retries: 1
[0m19:31:38.296021 [info ] [MainThread]: Registered adapter: postgres=1.7.9
[0m19:31:38.296875 [debug] [MainThread]: Acquiring new postgres connection 'debug'
[0m19:31:38.297423 [debug] [MainThread]: Using postgres connection "debug"
[0m19:31:38.297987 [debug] [MainThread]: On debug: select 1 as id
[0m19:31:38.298512 [debug] [MainThread]: Opening a new connection, currently in state init
[0m19:31:38.311383 [debug] [MainThread]: SQL status: SELECT 1 in 0.0 seconds
[0m19:31:38.312710 [debug] [MainThread]: On debug: Close
[0m19:31:38.313288 [info ] [MainThread]:   Connection test: [[32mOK connection ok[0m]

[0m19:31:38.313855 [info ] [MainThread]: [31m1 check failed:[0m
[0m19:31:38.314383 [info ] [MainThread]: Project loading failed for the following reason:
 project path </home/ubuntu/dbt_project.yml> not found

[0m19:31:38.315467 [debug] [MainThread]: Resource report: {"command_name": "debug", "command_wall_clock_time": 0.22945179, "process_user_time": 2.869287, "process_kernel_time": 0.096031, "process_mem_max_rss": "93920", "process_out_blocks": "16", "command_success": false, "process_in_blocks": "0"}
[0m19:31:38.316297 [debug] [MainThread]: Command `dbt debug` failed at 19:31:38.316076 after 0.23 seconds
[0m19:31:38.316875 [debug] [MainThread]: Connection 'debug' was properly closed.
[0m19:31:38.317452 [debug] [MainThread]: Sending event: {'category': 'dbt', 'action': 'invocation', 'label': 'end', 'context': [<snowplow_tracker.self_describing_json.SelfDescribingJson object at 0x70a4862b66e0>, <snowplow_tracker.self_describing_json.SelfDescribingJson object at 0x70a48411c6d0>, <snowplow_tracker.self_describing_json.SelfDescribingJson object at 0x70a48411d570>]}
[0m19:31:38.318066 [debug] [MainThread]: Flushing usage events
[0m15:41:24.705028 [debug] [MainThread]: Sending event: {'category': 'dbt', 'action': 'invocation', 'label': 'start', 'context': [<snowplow_tracker.self_describing_json.SelfDescribingJson object at 0x76cd467aeef0>, <snowplow_tracker.self_describing_json.SelfDescribingJson object at 0x76cd44c1e260>, <snowplow_tracker.self_describing_json.SelfDescribingJson object at 0x76cd44c1e200>]}


============================== 15:41:24.711122 | b8106ded-abb6-45e6-8b1c-9da730353bab ==============================
[0m15:41:24.711122 [info ] [MainThread]: Running with dbt=1.7.9
[0m15:41:24.711717 [debug] [MainThread]: running dbt with arguments {'printer_width': '80', 'indirect_selection': 'eager', 'write_json': 'True', 'log_cache_events': 'False', 'partial_parse': 'True', 'cache_selected_only': 'False', 'warn_error': 'None', 'fail_fast': 'False', 'profiles_dir': '/home/ubuntu/.dbt', 'log_path': 'logs', 'debug': 'False', 'version_check': 'True', 'use_colors': 'True', 'use_experimental_parser': 'False', 'no_print': 'None', 'quiet': 'False', 'log_format': 'default', 'invocation_command': 'dbt run --select stg_gads__campaign', 'static_parser': 'True', 'warn_error_options': 'WarnErrorOptions(include=[], exclude=[])', 'target_path': 'None', 'introspect': 'True', 'send_anonymous_usage_stats': 'True'}
[0m15:41:24.712158 [error] [MainThread]: Encountered an error:
Runtime Error
  No dbt_project.yml found at expected path /home/ubuntu/dbt_project.yml
  Verify that each entry within packages.yml (and their transitive dependencies) contains a file named dbt_project.yml
  
[0m15:41:24.714874 [debug] [MainThread]: Resource report: {"command_name": "run", "command_wall_clock_time": 0.062324855, "process_user_time": 2.014212, "process_kernel_time": 0.174979, "process_mem_max_rss": "86788", "process_in_blocks": "34448", "process_out_blocks": "16", "command_success": false}
[0m15:41:24.715465 [debug] [MainThread]: Command `dbt run` failed at 15:41:24.715313 after 0.06 seconds
[0m15:41:24.715823 [debug] [MainThread]: Sending event: {'category': 'dbt', 'action': 'invocation', 'label': 'end', 'context': [<snowplow_tracker.self_describing_json.SelfDescribingJson object at 0x76cd467aeef0>, <snowplow_tracker.self_describing_json.SelfDescribingJson object at 0x76cd44c1e2f0>, <snowplow_tracker.self_describing_json.SelfDescribingJson object at 0x76cd44c1e7d0>]}
[0m15:41:24.716166 [debug] [MainThread]: Flushing usage events
