2024-12-22 22:13:07.277 [info] [main] Log level: Info
2024-12-22 22:13:07.277 [info] [main] Validating found git in: "git"
2024-12-22 22:13:07.277 [info] [main] Using git "2.34.1" from "git"
2024-12-22 22:13:07.277 [info] [Model][doInitialScan] Initial repository scan started
2024-12-22 22:13:07.277 [info] > git rev-parse --show-toplevel [76ms]
2024-12-22 22:13:07.277 [info] fatal: not a git repository (or any of the parent directories): .git
2024-12-22 22:13:07.277 [info] > git rev-parse --show-toplevel [73ms]
2024-12-22 22:13:07.277 [info] fatal: not a git repository (or any of the parent directories): .git
2024-12-22 22:13:07.284 [info] > git rev-parse --show-toplevel [2ms]
2024-12-22 22:13:07.284 [info] fatal: not a git repository (or any of the parent directories): .git
2024-12-22 22:13:07.290 [info] > git rev-parse --show-toplevel [2ms]
2024-12-22 22:13:07.290 [info] fatal: not a git repository (or any of the parent directories): .git
2024-12-22 22:13:07.294 [info] > git rev-parse --show-toplevel [1ms]
2024-12-22 22:13:07.294 [info] fatal: not a git repository (or any of the parent directories): .git
2024-12-22 22:13:07.298 [info] > git rev-parse --show-toplevel [1ms]
2024-12-22 22:13:07.298 [info] fatal: not a git repository (or any of the parent directories): .git
2024-12-22 22:13:07.302 [info] > git rev-parse --show-toplevel [1ms]
2024-12-22 22:13:07.302 [info] fatal: not a git repository (or any of the parent directories): .git
2024-12-22 22:13:07.308 [info] > git rev-parse --show-toplevel [2ms]
2024-12-22 22:13:07.308 [info] fatal: not a git repository (or any of the parent directories): .git
2024-12-22 22:13:07.312 [info] > git rev-parse --show-toplevel [1ms]
2024-12-22 22:13:07.312 [info] fatal: not a git repository (or any of the parent directories): .git
2024-12-22 22:13:07.316 [info] > git rev-parse --show-toplevel [1ms]
2024-12-22 22:13:07.316 [info] fatal: not a git repository (or any of the parent directories): .git
2024-12-22 22:13:07.319 [info] > git rev-parse --show-toplevel [1ms]
2024-12-22 22:13:07.319 [info] fatal: not a git repository (or any of the parent directories): .git
2024-12-22 22:13:07.323 [info] > git rev-parse --show-toplevel [1ms]
2024-12-22 22:13:07.323 [info] fatal: not a git repository (or any of the parent directories): .git
2024-12-22 22:13:07.327 [info] > git rev-parse --show-toplevel [1ms]
2024-12-22 22:13:07.327 [info] fatal: not a git repository (or any of the parent directories): .git
2024-12-22 22:13:07.333 [info] [Model][doInitialScan] Initial repository scan completed - repositories (0), closed repositories (0), parent repositories (0), unsafe repositories (0)
2024-12-22 22:16:47.924 [info] > git rev-parse --show-toplevel [1ms]
2024-12-22 22:16:47.924 [info] fatal: not a git repository (or any of the parent directories): .git
2024-12-22 22:16:51.364 [info] > git rev-parse --show-toplevel [1ms]
2024-12-22 22:16:51.364 [info] fatal: not a git repository (or any of the parent directories): .git
2024-12-22 22:16:56.452 [info] > git rev-parse --show-toplevel [1ms]
2024-12-22 22:16:56.452 [info] fatal: not a git repository (or any of the parent directories): .git
