2024-12-08 21:26:07.270 [info] [main] Log level: Info
2024-12-08 21:26:07.270 [info] [main] Validating found git in: "git"
2024-12-08 21:26:07.270 [info] [main] Using git "2.34.1" from "git"
2024-12-08 21:26:07.270 [info] [Model][doInitialScan] Initial repository scan started
2024-12-08 21:26:07.270 [info] > git rev-parse --show-toplevel [76ms]
2024-12-08 21:26:07.270 [info] fatal: not a git repository (or any of the parent directories): .git
2024-12-08 21:26:07.270 [info] > git rev-parse --show-toplevel [42ms]
2024-12-08 21:26:07.270 [info] fatal: not a git repository (or any of the parent directories): .git
2024-12-08 21:26:07.291 [info] > git rev-parse --show-toplevel [2ms]
2024-12-08 21:26:07.291 [info] fatal: not a git repository (or any of the parent directories): .git
2024-12-08 21:26:07.303 [info] > git rev-parse --show-toplevel [4ms]
2024-12-08 21:26:07.303 [info] fatal: not a git repository (or any of the parent directories): .git
2024-12-08 21:26:07.313 [info] > git rev-parse --show-toplevel [1ms]
2024-12-08 21:26:07.313 [info] fatal: not a git repository (or any of the parent directories): .git
2024-12-08 21:26:07.319 [info] > git rev-parse --show-toplevel [2ms]
2024-12-08 21:26:07.319 [info] fatal: not a git repository (or any of the parent directories): .git
2024-12-08 21:26:07.324 [info] > git rev-parse --show-toplevel [1ms]
2024-12-08 21:26:07.324 [info] fatal: not a git repository (or any of the parent directories): .git
2024-12-08 21:26:07.329 [info] > git rev-parse --show-toplevel [1ms]
2024-12-08 21:26:07.329 [info] fatal: not a git repository (or any of the parent directories): .git
2024-12-08 21:26:07.334 [info] > git rev-parse --show-toplevel [1ms]
2024-12-08 21:26:07.334 [info] fatal: not a git repository (or any of the parent directories): .git
2024-12-08 21:26:07.339 [info] > git rev-parse --show-toplevel [1ms]
2024-12-08 21:26:07.339 [info] fatal: not a git repository (or any of the parent directories): .git
2024-12-08 21:26:07.344 [info] > git rev-parse --show-toplevel [1ms]
2024-12-08 21:26:07.344 [info] fatal: not a git repository (or any of the parent directories): .git
2024-12-08 21:26:07.351 [info] > git rev-parse --show-toplevel [1ms]
2024-12-08 21:26:07.351 [info] fatal: not a git repository (or any of the parent directories): .git
2024-12-08 21:26:07.357 [info] > git rev-parse --show-toplevel [1ms]
2024-12-08 21:26:07.357 [info] fatal: not a git repository (or any of the parent directories): .git
2024-12-08 21:26:07.360 [info] [Model][doInitialScan] Initial repository scan completed - repositories (0), closed repositories (0), parent repositories (0), unsafe repositories (0)
2024-12-08 21:26:10.754 [info] > git rev-parse --show-toplevel [1ms]
2024-12-08 21:26:10.755 [info] fatal: not a git repository (or any of the parent directories): .git
