2024-12-23 21:00:33.045 [info] [main] Log level: Info
2024-12-23 21:00:33.045 [info] [main] Validating found git in: "git"
2024-12-23 21:00:33.045 [info] [main] Using git "2.34.1" from "git"
2024-12-23 21:00:33.045 [info] [Model][doInitialScan] Initial repository scan started
2024-12-23 21:00:33.045 [info] > git rev-parse --show-toplevel [84ms]
2024-12-23 21:00:33.045 [info] fatal: not a git repository (or any of the parent directories): .git
2024-12-23 21:00:33.045 [info] > git rev-parse --show-toplevel [3ms]
2024-12-23 21:00:33.045 [info] fatal: not a git repository (or any of the parent directories): .git
2024-12-23 21:00:33.051 [info] > git rev-parse --show-toplevel [1ms]
2024-12-23 21:00:33.051 [info] fatal: not a git repository (or any of the parent directories): .git
2024-12-23 21:00:33.055 [info] > git rev-parse --show-toplevel [1ms]
2024-12-23 21:00:33.055 [info] fatal: not a git repository (or any of the parent directories): .git
2024-12-23 21:00:33.059 [info] > git rev-parse --show-toplevel [1ms]
2024-12-23 21:00:33.059 [info] fatal: not a git repository (or any of the parent directories): .git
2024-12-23 21:00:33.070 [info] > git rev-parse --show-toplevel [6ms]
2024-12-23 21:00:33.070 [info] fatal: not a git repository (or any of the parent directories): .git
2024-12-23 21:00:33.077 [info] > git rev-parse --show-toplevel [1ms]
2024-12-23 21:00:33.077 [info] fatal: not a git repository (or any of the parent directories): .git
2024-12-23 21:00:33.127 [info] > git rev-parse --show-toplevel [1ms]
2024-12-23 21:00:33.127 [info] fatal: not a git repository (or any of the parent directories): .git
2024-12-23 21:00:33.133 [info] > git rev-parse --show-toplevel [2ms]
2024-12-23 21:00:33.133 [info] fatal: not a git repository (or any of the parent directories): .git
2024-12-23 21:00:33.139 [info] > git rev-parse --show-toplevel [2ms]
2024-12-23 21:00:33.139 [info] fatal: not a git repository (or any of the parent directories): .git
2024-12-23 21:00:33.145 [info] > git rev-parse --show-toplevel [1ms]
2024-12-23 21:00:33.145 [info] fatal: not a git repository (or any of the parent directories): .git
2024-12-23 21:00:33.149 [info] > git rev-parse --show-toplevel [2ms]
2024-12-23 21:00:33.149 [info] fatal: not a git repository (or any of the parent directories): .git
2024-12-23 21:00:33.153 [info] > git rev-parse --show-toplevel [1ms]
2024-12-23 21:00:33.153 [info] fatal: not a git repository (or any of the parent directories): .git
2024-12-23 21:00:33.158 [info] [Model][doInitialScan] Initial repository scan completed - repositories (0), closed repositories (0), parent repositories (0), unsafe repositories (0)
2024-12-23 21:09:44.389 [info] > git rev-parse --show-toplevel [1ms]
2024-12-23 21:09:44.393 [info] > git rev-parse --git-dir --git-common-dir [1ms]
2024-12-23 21:09:44.408 [info] [Model][openRepository] Opened repository: /home/ubuntu
2024-12-23 21:09:44.415 [info] > git config --get commit.template [1ms]
2024-12-23 21:09:44.418 [info] [Git][getRemotes] No remotes found in the git config file
2024-12-23 21:09:44.421 [info] > git for-each-ref --format=%(refname)%00%(upstream:short)%00%(objectname)%00%(upstream:track)%00%(upstream:remotename)%00%(upstream:remoteref) refs/heads/master refs/remotes/master [4ms]
2024-12-23 21:09:44.421 [warning] [Git][getBranch] No such branch: master
2024-12-23 21:09:44.429 [info] > git for-each-ref --sort -committerdate --format %(refname) %(objectname) %(*objectname) [1ms]
2024-12-23 21:09:44.581 [info] > git status -z -uall [157ms] (cancelled)
2024-12-23 21:09:44.763 [info] > git show --textconv :.gitconfig [4ms]
2024-12-23 21:09:44.764 [info] > git ls-files --stage -- /home/ubuntu/.gitconfig [2ms]
2024-12-23 21:09:44.957 [info] > git check-ignore -v -z --stdin [1ms]
